<?xml version="1.0" encoding="UTF-8"?>
<!-- Generated by org.testng.reporters.JUnitReportReporter -->
<testsuite hostname="Sadman" failures="0" tests="5" name="tests.LoginTest" time="54.092" errors="0" timestamp="2022-10-15T19:24:32 BDT" skipped="0">
  <testcase classname="tests.LoginTest" name="clickOnloginwithgoogle" time="8.274"/>
  <system-out/>
  <testcase classname="tests.LoginTest" name="sendemail" time="5.247"/>
  <system-out/>
  <testcase classname="tests.LoginTest" name="clickOnnext" time="15.167"/>
  <system-out/>
  <testcase classname="tests.LoginTest" name="sendPassWord" time="10.126"/>
  <system-out/>
  <testcase classname="tests.LoginTest" name="clickOnnext2" time="15.278"/>
  <system-out/>
</testsuite> <!-- tests.LoginTest -->
