<?xml version="1.0" encoding="UTF-8"?>
<!-- Generated by org.testng.reporters.JUnitReportReporter -->
<testsuite hostname="Sadman" failures="0" tests="3" name="tests.AddToCartTest" time="45.891" errors="0" timestamp="2022-10-15T19:24:32 BDT" skipped="0">
  <testcase classname="tests.AddToCartTest" name="clickOnaddtocart" time="15.342"/>
  <system-out/>
  <testcase classname="tests.AddToCartTest" name="clickOnmycart" time="15.282"/>
  <system-out/>
  <testcase classname="tests.AddToCartTest" name="clickOnproceedtocheckout" time="15.267"/>
  <system-out/>
</testsuite> <!-- tests.AddToCartTest -->
