<?xml version="1.0" encoding="UTF-8"?>
<!-- Generated by org.testng.reporters.JUnitReportReporter -->
<testsuite hostname="Sadman" failures="0" tests="3" name="tests.HomePageTest" time="45.811" errors="0" timestamp="2022-10-15T19:24:32 BDT" skipped="0">
  <testcase classname="tests.HomePageTest" name="hoverOnsubject" time="13.576"/>
  <system-out/>
  <testcase classname="tests.HomePageTest" name="selectউপন্যাস" time="15.320"/>
  <system-out/>
  <testcase classname="tests.HomePageTest" name="clickOnView_Details" time="16.915"/>
  <system-out/>
</testsuite> <!-- tests.HomePageTest -->
